<?xml version="1.0" encoding="UTF-8"?>
<!-- Generated by org.testng.reporters.JUnitXMLReporter -->
<testsuite ignored="0" hostname="DESKTOP-BN7FULH" failures="0" tests="2" name="Surefire test" time="69.401" errors="0" timestamp="2024-03-08T04:55:48 EET">
  <testcase classname="org.selenium.Tests.MyFirstTestCase" name="loginAndCheckoutUsingDirectBankTransfer" time="34.703"/>
  <testcase classname="org.selenium.Tests.MyFirstTestCase" name="myFirstTestCase" time="24.222"/>
</testsuite> <!-- Surefire test -->
