<?xml version="1.0" encoding="UTF-8"?>
<testng-results ignored="0" total="2" passed="2" failed="0" skipped="0">
  <reporter-output>
  </reporter-output>
  <suite started-at="2024-03-08T04:54:39 EET" name="Surefire suite" finished-at="2024-03-08T04:55:48 EET" duration-ms="69401">
    <groups>
    </groups>
    <test started-at="2024-03-08T04:54:39 EET" name="Surefire test" finished-at="2024-03-08T04:55:48 EET" duration-ms="69401">
      <class name="org.selenium.Tests.MyFirstTestCase">
        <test-method is-config="true" signature="OpenBrowser(java.lang.String)[pri:0, instance:org.selenium.Tests.MyFirstTestCase@3c22fc4c]" started-at="2024-03-08T04:54:39 EET" name="OpenBrowser" finished-at="2024-03-08T04:54:41 EET" duration-ms="2102" status="PASS">
          <params>
            <param index="0">
              <value>
                <![CDATA[CHROME]]>
              </value>
            </param>
          </params>
          <reporter-output>
          </reporter-output>
        </test-method> <!-- OpenBrowser -->
        <test-method signature="loginAndCheckoutUsingDirectBankTransfer()[pri:0, instance:org.selenium.Tests.MyFirstTestCase@3c22fc4c]" started-at="2024-03-08T04:54:41 EET" name="loginAndCheckoutUsingDirectBankTransfer" finished-at="2024-03-08T04:55:15 EET" duration-ms="34703" status="PASS">
          <reporter-output>
          </reporter-output>
        </test-method> <!-- loginAndCheckoutUsingDirectBankTransfer -->
        <test-method is-config="true" signature="closeDriver()[pri:0, instance:org.selenium.Tests.MyFirstTestCase@3c22fc4c]" started-at="2024-03-08T04:55:15 EET" name="closeDriver" finished-at="2024-03-08T04:55:19 EET" duration-ms="3429" status="PASS">
          <reporter-output>
          </reporter-output>
        </test-method> <!-- closeDriver -->
        <test-method is-config="true" signature="OpenBrowser(java.lang.String)[pri:0, instance:org.selenium.Tests.MyFirstTestCase@3c22fc4c]" started-at="2024-03-08T04:55:19 EET" name="OpenBrowser" finished-at="2024-03-08T04:55:20 EET" duration-ms="1554" status="PASS">
          <params>
            <param index="0">
              <value>
                <![CDATA[CHROME]]>
              </value>
            </param>
          </params>
          <reporter-output>
          </reporter-output>
        </test-method> <!-- OpenBrowser -->
        <test-method signature="myFirstTestCase()[pri:0, instance:org.selenium.Tests.MyFirstTestCase@3c22fc4c]" started-at="2024-03-08T04:55:20 EET" name="myFirstTestCase" finished-at="2024-03-08T04:55:45 EET" duration-ms="24222" status="PASS">
          <reporter-output>
          </reporter-output>
        </test-method> <!-- myFirstTestCase -->
        <test-method is-config="true" signature="closeDriver()[pri:0, instance:org.selenium.Tests.MyFirstTestCase@3c22fc4c]" started-at="2024-03-08T04:55:45 EET" name="closeDriver" finished-at="2024-03-08T04:55:48 EET" duration-ms="3332" status="PASS">
          <reporter-output>
          </reporter-output>
        </test-method> <!-- closeDriver -->
      </class> <!-- org.selenium.Tests.MyFirstTestCase -->
    </test> <!-- Surefire test -->
  </suite> <!-- Surefire suite -->
</testng-results>
